<?xml version="1.0" encoding="UTF-8"?>
<testsuite xmlns:xsi="http://www.w3.org/2001/XMLSchema-instance" xsi:noNamespaceSchemaLocation="https://maven.apache.org/surefire/maven-surefire-plugin/xsd/surefire-test-report.xsd" version="3.0.2" name="com.example.chat_app.ChatAppApplicationTests" time="2.909" tests="1" errors="0" skipped="0" failures="0">
  <properties>
[...]
</properties>
  <testcase name="contextLoads" classname="com.example.chat_app.ChatAppApplicationTests" time="0.361">
    <system-out><![CDATA[14:41:12.345 [main] INFO org.springframework.test.context.support.AnnotationConfigContextLoaderUtils -- Could not detect default configuration classes for test class [com.example.chat_app.ChatAppApplicationTests]: ChatAppApplicationTests does not declare any static, non-private, non-final, nested classes annotated with @Configuration.
14:41:12.422 [main] INFO org.springframework.boot.test.context.SpringBootTestContextBootstrapper -- Found @SpringBootConfiguration com.example.chat_app.ChatAppApplication for test class com.example.chat_app.ChatAppApplicationTests

  .   ____          _            __ _ _
 /\\ / ___'_ __ _ _(_)_ __  __ _ \ \ \ \
( ( )\___ | '_ | '_| | '_ \/ _` | \ \ \ \
 \\/  ___)| |_)| | | | | || (_| |  ) ) ) )
  '  |____| .__|_| |_|_| |_\__, | / / / /
 =========|_|==============|___/=/_/_/_/

 :: Spring Boot ::                (v3.4.4)

2025-04-21T14:41:12.638+04:00  INFO 14909 --- [chat-app] [           main] c.e.chat_app.ChatAppApplicationTests     : Starting ChatAppApplicationTests using Java 23.0.2 with PID 14909 (started by dimakulakov in /Users/dimakulakov/Desktop/web/Coursework-web/backend)
2025-04-21T14:41:12.639+04:00  INFO 14909 --- [chat-app] [           main] c.e.chat_app.ChatAppApplicationTests     : No active profile set, falling back to 1 default profile: "default"
2025-04-21T14:41:12.982+04:00  INFO 14909 --- [chat-app] [           main] .s.d.r.c.RepositoryConfigurationDelegate : Bootstrapping Spring Data JPA repositories in DEFAULT mode.
2025-04-21T14:41:13.025+04:00  INFO 14909 --- [chat-app] [           main] .s.d.r.c.RepositoryConfigurationDelegate : Finished Spring Data repository scanning in 38 ms. Found 7 JPA repository interfaces.
2025-04-21T14:41:13.256+04:00  INFO 14909 --- [chat-app] [           main] o.hibernate.jpa.internal.util.LogHelper  : HHH000204: Processing PersistenceUnitInfo [name: default]
2025-04-21T14:41:13.281+04:00  INFO 14909 --- [chat-app] [           main] org.hibernate.Version                    : HHH000412: Hibernate ORM core version 6.6.11.Final
2025-04-21T14:41:13.297+04:00  INFO 14909 --- [chat-app] [           main] o.h.c.internal.RegionFactoryInitiator    : HHH000026: Second-level cache disabled
2025-04-21T14:41:13.336+04:00 DEBUG 14909 --- [chat-app] [           main] org.hibernate.type.BasicTypeRegistry     : Adding type registration boolean -> org.hibernate.type.BasicTypeReference@541afb85
2025-04-21T14:41:13.336+04:00 DEBUG 14909 --- [chat-app] [           main] org.hibernate.type.BasicTypeRegistry     : Adding type registration boolean -> org.hibernate.type.BasicTypeReference@541afb85
2025-04-21T14:41:13.337+04:00 DEBUG 14909 --- [chat-app] [           main] org.hibernate.type.BasicTypeRegistry     : Adding type registration java.lang.Boolean -> org.hibernate.type.BasicTypeReference@541afb85
2025-04-21T14:41:13.337+04:00 DEBUG 14909 --- [chat-app] [           main] org.hibernate.type.BasicTypeRegistry     : Adding type registration numeric_boolean -> org.hibernate.type.BasicTypeReference@445bce9a
2025-04-21T14:41:13.337+04:00 DEBUG 14909 --- [chat-app] [           main] org.hibernate.type.BasicTypeRegistry     : Adding type registration org.hibernate.type.NumericBooleanConverter -> org.hibernate.type.BasicTypeReference@445bce9a
2025-04-21T14:41:13.337+04:00 DEBUG 14909 --- [chat-app] [           main] org.hibernate.type.BasicTypeRegistry     : Adding type registration true_false -> org.hibernate.type.BasicTypeReference@7db40fd5
2025-04-21T14:41:13.337+04:00 DEBUG 14909 --- [chat-app] [           main] org.hibernate.type.BasicTypeRegistry     : Adding type registration org.hibernate.type.TrueFalseConverter -> org.hibernate.type.BasicTypeReference@7db40fd5
2025-04-21T14:41:13.337+04:00 DEBUG 14909 --- [chat-app] [           main] org.hibernate.type.BasicTypeRegistry     : Adding type registration yes_no -> org.hibernate.type.BasicTypeReference@5e1a5f
2025-04-21T14:41:13.337+04:00 DEBUG 14909 --- [chat-app] [           main] org.hibernate.type.BasicTypeRegistry     : Adding type registration org.hibernate.type.YesNoConverter -> org.hibernate.type.BasicTypeReference@5e1a5f
2025-04-21T14:41:13.337+04:00 DEBUG 14909 --- [chat-app] [           main] org.hibernate.type.BasicTypeRegistry     : Adding type registration byte -> org.hibernate.type.BasicTypeReference@31b0f02
2025-04-21T14:41:13.337+04:00 DEBUG 14909 --- [chat-app] [           main] org.hibernate.type.BasicTypeRegistry     : Adding type registration byte -> org.hibernate.type.BasicTypeReference@31b0f02
2025-04-21T14:41:13.337+04:00 DEBUG 14909 --- [chat-app] [           main] org.hibernate.type.BasicTypeRegistry     : Adding type registration java.lang.Byte -> org.hibernate.type.BasicTypeReference@31b0f02
2025-04-21T14:41:13.338+04:00 DEBUG 14909 --- [chat-app] [           main] org.hibernate.type.BasicTypeRegistry     : Adding type registration binary -> org.hibernate.type.BasicTypeReference@19ae2ee5
2025-04-21T14:41:13.338+04:00 DEBUG 14909 --- [chat-app] [           main] org.hibernate.type.BasicTypeRegistry     : Adding type registration byte[] -> org.hibernate.type.BasicTypeReference@19ae2ee5
2025-04-21T14:41:13.338+04:00 DEBUG 14909 --- [chat-app] [           main] org.hibernate.type.BasicTypeRegistry     : Adding type registration [B -> org.hibernate.type.BasicTypeReference@19ae2ee5
2025-04-21T14:41:13.338+04:00 DEBUG 14909 --- [chat-app] [           main] org.hibernate.type.BasicTypeRegistry     : Adding type registration binary_wrapper -> org.hibernate.type.BasicTypeReference@44b940a2
2025-04-21T14:41:13.338+04:00 DEBUG 14909 --- [chat-app] [           main] org.hibernate.type.BasicTypeRegistry     : Adding type registration wrapper-binary -> org.hibernate.type.BasicTypeReference@44b940a2
2025-04-21T14:41:13.338+04:00 DEBUG 14909 --- [chat-app] [           main] org.hibernate.type.BasicTypeRegistry     : Adding type registration image -> org.hibernate.type.BasicTypeReference@34c53688
2025-04-21T14:41:13.338+04:00 DEBUG 14909 --- [chat-app] [           main] org.hibernate.type.BasicTypeRegistry     : Adding type registration blob -> org.hibernate.type.BasicTypeReference@6ffd4c0d
2025-04-21T14:41:13.338+04:00 DEBUG 14909 --- [chat-app] [           main] org.hibernate.type.BasicTypeRegistry     : Adding type registration java.sql.Blob -> org.hibernate.type.BasicTypeReference@6ffd4c0d
2025-04-21T14:41:13.338+04:00 DEBUG 14909 --- [chat-app] [           main] org.hibernate.type.BasicTypeRegistry     : Adding type registration materialized_blob -> org.hibernate.type.BasicTypeReference@74c9e11
2025-04-21T14:41:13.339+04:00 DEBUG 14909 --- [chat-app] [           main] org.hibernate.type.BasicTypeRegistry     : Adding type registration materialized_blob_wrapper -> org.hibernate.type.BasicTypeReference@9fe720a
2025-04-21T14:41:13.339+04:00 DEBUG 14909 --- [chat-app] [           main] org.hibernate.type.BasicTypeRegistry     : Adding type registration short -> org.hibernate.type.BasicTypeReference@149274cb
2025-04-21T14:41:13.339+04:00 DEBUG 14909 --- [chat-app] [           main] org.hibernate.type.BasicTypeRegistry     : Adding type registration short -> org.hibernate.type.BasicTypeReference@149274cb
2025-04-21T14:41:13.339+04:00 DEBUG 14909 --- [chat-app] [           main] org.hibernate.type.BasicTypeRegistry     : Adding type registration java.lang.Short -> org.hibernate.type.BasicTypeReference@149274cb
2025-04-21T14:41:13.339+04:00 DEBUG 14909 --- [chat-app] [           main] org.hibernate.type.BasicTypeRegistry     : Adding type registration integer -> org.hibernate.type.BasicTypeReference@118acf70
2025-04-21T14:41:13.339+04:00 DEBUG 14909 --- [chat-app] [           main] org.hibernate.type.BasicTypeRegistry     : Adding type registration int -> org.hibernate.type.BasicTypeReference@118acf70
2025-04-21T14:41:13.339+04:00 DEBUG 14909 --- [chat-app] [           main] org.hibernate.type.BasicTypeRegistry     : Adding type registration java.lang.Integer -> org.hibernate.type.BasicTypeReference@118acf70
2025-04-21T14:41:13.339+04:00 DEBUG 14909 --- [chat-app] [           main] org.hibernate.type.BasicTypeRegistry     : Adding type registration long -> org.hibernate.type.BasicTypeReference@72557746
2025-04-21T14:41:13.339+04:00 DEBUG 14909 --- [chat-app] [           main] org.hibernate.type.BasicTypeRegistry     : Adding type registration long -> org.hibernate.type.BasicTypeReference@72557746
2025-04-21T14:41:13.339+04:00 DEBUG 14909 --- [chat-app] [           main] org.hibernate.type.BasicTypeRegistry     : Adding type registration java.lang.Long -> org.hibernate.type.BasicTypeReference@72557746
2025-04-21T14:41:13.340+04:00 DEBUG 14909 --- [chat-app] [           main] org.hibernate.type.BasicTypeRegistry     : Adding type registration float -> org.hibernate.type.BasicTypeReference@8c12524
2025-04-21T14:41:13.340+04:00 DEBUG 14909 --- [chat-app] [           main] org.hibernate.type.BasicTypeRegistry     : Adding type registration float -> org.hibernate.type.BasicTypeReference@8c12524
2025-04-21T14:41:13.340+04:00 DEBUG 14909 --- [chat-app] [           main] org.hibernate.type.BasicTypeRegistry     : Adding type registration java.lang.Float -> org.hibernate.type.BasicTypeReference@8c12524
2025-04-21T14:41:13.340+04:00 DEBUG 14909 --- [chat-app] [           main] org.hibernate.type.BasicTypeRegistry     : Adding type registration double -> org.hibernate.type.BasicTypeReference@f723cdb
2025-04-21T14:41:13.340+04:00 DEBUG 14909 --- [chat-app] [           main] org.hibernate.type.BasicTypeRegistry     : Adding type registration double -> org.hibernate.type.BasicTypeReference@f723cdb
2025-04-21T14:41:13.340+04:00 DEBUG 14909 --- [chat-app] [           main] org.hibernate.type.BasicTypeRegistry     : Adding type registration java.lang.Double -> org.hibernate.type.BasicTypeReference@f723cdb
2025-04-21T14:41:13.340+04:00 DEBUG 14909 --- [chat-app] [           main] org.hibernate.type.BasicTypeRegistry     : Adding type registration big_integer -> org.hibernate.type.BasicTypeReference@4844930a
2025-04-21T14:41:13.340+04:00 DEBUG 14909 --- [chat-app] [           main] org.hibernate.type.BasicTypeRegistry     : Adding type registration java.math.BigInteger -> org.hibernate.type.BasicTypeReference@4844930a
2025-04-21T14:41:13.340+04:00 DEBUG 14909 --- [chat-app] [           main] org.hibernate.type.BasicTypeRegistry     : Adding type registration big_decimal -> org.hibernate.type.BasicTypeReference@11f23203
2025-04-21T14:41:13.340+04:00 DEBUG 14909 --- [chat-app] [           main] org.hibernate.type.BasicTypeRegistry     : Adding type registration java.math.BigDecimal -> org.hibernate.type.BasicTypeReference@11f23203
2025-04-21T14:41:13.340+04:00 DEBUG 14909 --- [chat-app] [           main] org.hibernate.type.BasicTypeRegistry     : Adding type registration character -> org.hibernate.type.BasicTypeReference@101bdd1c
2025-04-21T14:41:13.341+04:00 DEBUG 14909 --- [chat-app] [           main] org.hibernate.type.BasicTypeRegistry     : Adding type registration char -> org.hibernate.type.BasicTypeReference@101bdd1c
2025-04-21T14:41:13.341+04:00 DEBUG 14909 --- [chat-app] [           main] org.hibernate.type.BasicTypeRegistry     : Adding type registration java.lang.Character -> org.hibernate.type.BasicTypeReference@101bdd1c
2025-04-21T14:41:13.341+04:00 DEBUG 14909 --- [chat-app] [           main] org.hibernate.type.BasicTypeRegistry     : Adding type registration character_nchar -> org.hibernate.type.BasicTypeReference@e91af20
2025-04-21T14:41:13.341+04:00 DEBUG 14909 --- [chat-app] [           main] org.hibernate.type.BasicTypeRegistry     : Adding type registration string -> org.hibernate.type.BasicTypeReference@6221b13b
2025-04-21T14:41:13.341+04:00 DEBUG 14909 --- [chat-app] [           main] org.hibernate.type.BasicTypeRegistry     : Adding type registration java.lang.String -> org.hibernate.type.BasicTypeReference@6221b13b
2025-04-21T14:41:13.341+04:00 DEBUG 14909 --- [chat-app] [           main] org.hibernate.type.BasicTypeRegistry     : Adding type registration nstring -> org.hibernate.type.BasicTypeReference@62c3f556
2025-04-21T14:41:13.341+04:00 DEBUG 14909 --- [chat-app] [           main] org.hibernate.type.BasicTypeRegistry     : Adding type registration characters -> org.hibernate.type.BasicTypeReference@2cfe272f
2025-04-21T14:41:13.341+04:00 DEBUG 14909 --- [chat-app] [           main] org.hibernate.type.BasicTypeRegistry     : Adding type registration char[] -> org.hibernate.type.BasicTypeReference@2cfe272f
2025-04-21T14:41:13.341+04:00 DEBUG 14909 --- [chat-app] [           main] org.hibernate.type.BasicTypeRegistry     : Adding type registration [C -> org.hibernate.type.BasicTypeReference@2cfe272f
2025-04-21T14:41:13.341+04:00 DEBUG 14909 --- [chat-app] [           main] org.hibernate.type.BasicTypeRegistry     : Adding type registration wrapper-characters -> org.hibernate.type.BasicTypeReference@2f95653f
2025-04-21T14:41:13.342+04:00 DEBUG 14909 --- [chat-app] [           main] org.hibernate.type.BasicTypeRegistry     : Adding type registration text -> org.hibernate.type.BasicTypeReference@4052b19f
2025-04-21T14:41:13.342+04:00 DEBUG 14909 --- [chat-app] [           main] org.hibernate.type.BasicTypeRegistry     : Adding type registration ntext -> org.hibernate.type.BasicTypeReference@3dc68586
2025-04-21T14:41:13.342+04:00 DEBUG 14909 --- [chat-app] [           main] org.hibernate.type.BasicTypeRegistry     : Adding type registration clob -> org.hibernate.type.BasicTypeReference@60dc1a4e
2025-04-21T14:41:13.342+04:00 DEBUG 14909 --- [chat-app] [           main] org.hibernate.type.BasicTypeRegistry     : Adding type registration java.sql.Clob -> org.hibernate.type.BasicTypeReference@60dc1a4e
2025-04-21T14:41:13.342+04:00 DEBUG 14909 --- [chat-app] [           main] org.hibernate.type.BasicTypeRegistry     : Adding type registration nclob -> org.hibernate.type.BasicTypeReference@646427f7
2025-04-21T14:41:13.342+04:00 DEBUG 14909 --- [chat-app] [           main] org.hibernate.type.BasicTypeRegistry     : Adding type registration java.sql.NClob -> org.hibernate.type.BasicTypeReference@646427f7
2025-04-21T14:41:13.342+04:00 DEBUG 14909 --- [chat-app] [           main] org.hibernate.type.BasicTypeRegistry     : Adding type registration materialized_clob -> org.hibernate.type.BasicTypeReference@31efacad
2025-04-21T14:41:13.342+04:00 DEBUG 14909 --- [chat-app] [           main] org.hibernate.type.BasicTypeRegistry     : Adding type registration materialized_clob_char_array -> org.hibernate.type.BasicTypeReference@380ce5a3
2025-04-21T14:41:13.342+04:00 DEBUG 14909 --- [chat-app] [           main] org.hibernate.type.BasicTypeRegistry     : Adding type registration materialized_clob_character_array -> org.hibernate.type.BasicTypeReference@38029686
2025-04-21T14:41:13.343+04:00 DEBUG 14909 --- [chat-app] [           main] org.hibernate.type.BasicTypeRegistry     : Adding type registration materialized_nclob -> org.hibernate.type.BasicTypeReference@7d9c45ee
2025-04-21T14:41:13.343+04:00 DEBUG 14909 --- [chat-app] [           main] org.hibernate.type.BasicTypeRegistry     : Adding type registration materialized_nclob_character_array -> org.hibernate.type.BasicTypeReference@31da0434
2025-04-21T14:41:13.343+04:00 DEBUG 14909 --- [chat-app] [           main] org.hibernate.type.BasicTypeRegistry     : Adding type registration materialized_nclob_char_array -> org.hibernate.type.BasicTypeReference@6e24ce51
2025-04-21T14:41:13.343+04:00 DEBUG 14909 --- [chat-app] [           main] org.hibernate.type.BasicTypeRegistry     : Adding type registration Duration -> org.hibernate.type.BasicTypeReference@423ed3b5
2025-04-21T14:41:13.343+04:00 DEBUG 14909 --- [chat-app] [           main] org.hibernate.type.BasicTypeRegistry     : Adding type registration java.time.Duration -> org.hibernate.type.BasicTypeReference@423ed3b5
2025-04-21T14:41:13.343+04:00 DEBUG 14909 --- [chat-app] [           main] org.hibernate.type.BasicTypeRegistry     : Adding type registration LocalDateTime -> org.hibernate.type.BasicTypeReference@5d124d29
2025-04-21T14:41:13.343+04:00 DEBUG 14909 --- [chat-app] [           main] org.hibernate.type.BasicTypeRegistry     : Adding type registration java.time.LocalDateTime -> org.hibernate.type.BasicTypeReference@5d124d29
2025-04-21T14:41:13.343+04:00 DEBUG 14909 --- [chat-app] [           main] org.hibernate.type.BasicTypeRegistry     : Adding type registration LocalDate -> org.hibernate.type.BasicTypeReference@3c88191b
2025-04-21T14:41:13.343+04:00 DEBUG 14909 --- [chat-app] [           main] org.hibernate.type.BasicTypeRegistry     : Adding type registration java.time.LocalDate -> org.hibernate.type.BasicTypeReference@3c88191b
2025-04-21T14:41:13.343+04:00 DEBUG 14909 --- [chat-app] [           main] org.hibernate.type.BasicTypeRegistry     : Adding type registration LocalTime -> org.hibernate.type.BasicTypeReference@74960e9d
2025-04-21T14:41:13.343+04:00 DEBUG 14909 --- [chat-app] [           main] org.hibernate.type.BasicTypeRegistry     : Adding type registration java.time.LocalTime -> org.hibernate.type.BasicTypeReference@74960e9d
2025-04-21T14:41:13.344+04:00 DEBUG 14909 --- [chat-app] [           main] org.hibernate.type.BasicTypeRegistry     : Adding type registration OffsetDateTime -> org.hibernate.type.BasicTypeReference@4001d8c1
2025-04-21T14:41:13.344+04:00 DEBUG 14909 --- [chat-app] [           main] org.hibernate.type.BasicTypeRegistry     : Adding type registration java.time.OffsetDateTime -> org.hibernate.type.BasicTypeReference@4001d8c1
2025-04-21T14:41:13.344+04:00 DEBUG 14909 --- [chat-app] [           main] org.hibernate.type.BasicTypeRegistry     : Adding type registration OffsetDateTimeWithTimezone -> org.hibernate.type.BasicTypeReference@fb5aeed
2025-04-21T14:41:13.344+04:00 DEBUG 14909 --- [chat-app] [           main] org.hibernate.type.BasicTypeRegistry     : Adding type registration OffsetDateTimeWithoutTimezone -> org.hibernate.type.BasicTypeReference@73893ec1
2025-04-21T14:41:13.344+04:00 DEBUG 14909 --- [chat-app] [           main] org.hibernate.type.BasicTypeRegistry     : Adding type registration OffsetTime -> org.hibernate.type.BasicTypeReference@37af24cb
2025-04-21T14:41:13.344+04:00 DEBUG 14909 --- [chat-app] [           main] org.hibernate.type.BasicTypeRegistry     : Adding type registration java.time.OffsetTime -> org.hibernate.type.BasicTypeReference@37af24cb
2025-04-21T14:41:13.344+04:00 DEBUG 14909 --- [chat-app] [           main] org.hibernate.type.BasicTypeRegistry     : Adding type registration OffsetTimeUtc -> org.hibernate.type.BasicTypeReference@7926352f
2025-04-21T14:41:13.344+04:00 DEBUG 14909 --- [chat-app] [           main] org.hibernate.type.BasicTypeRegistry     : Adding type registration OffsetTimeWithTimezone -> org.hibernate.type.BasicTypeReference@5bc63e20
2025-04-21T14:41:13.344+04:00 DEBUG 14909 --- [chat-app] [           main] org.hibernate.type.BasicTypeRegistry     : Adding type registration OffsetTimeWithoutTimezone -> org.hibernate.type.BasicTypeReference@61037caf
2025-04-21T14:41:13.344+04:00 DEBUG 14909 --- [chat-app] [           main] org.hibernate.type.BasicTypeRegistry     : Adding type registration ZonedDateTime -> org.hibernate.type.BasicTypeReference@2fc49538
2025-04-21T14:41:13.344+04:00 DEBUG 14909 --- [chat-app] [           main] org.hibernate.type.BasicTypeRegistry     : Adding type registration java.time.ZonedDateTime -> org.hibernate.type.BasicTypeReference@2fc49538
2025-04-21T14:41:13.345+04:00 DEBUG 14909 --- [chat-app] [           main] org.hibernate.type.BasicTypeRegistry     : Adding type registration ZonedDateTimeWithTimezone -> org.hibernate.type.BasicTypeReference@670342a2
2025-04-21T14:41:13.345+04:00 DEBUG 14909 --- [chat-app] [           main] org.hibernate.type.BasicTypeRegistry     : Adding type registration ZonedDateTimeWithoutTimezone -> org.hibernate.type.BasicTypeReference@d5e575c
2025-04-21T14:41:13.345+04:00 DEBUG 14909 --- [chat-app] [           main] org.hibernate.type.BasicTypeRegistry     : Adding type registration date -> org.hibernate.type.BasicTypeReference@7742a45c
2025-04-21T14:41:13.345+04:00 DEBUG 14909 --- [chat-app] [           main] org.hibernate.type.BasicTypeRegistry     : Adding type registration java.sql.Date -> org.hibernate.type.BasicTypeReference@7742a45c
2025-04-21T14:41:13.345+04:00 DEBUG 14909 --- [chat-app] [           main] org.hibernate.type.BasicTypeRegistry     : Adding type registration time -> org.hibernate.type.BasicTypeReference@7ca492d9
2025-04-21T14:41:13.345+04:00 DEBUG 14909 --- [chat-app] [           main] org.hibernate.type.BasicTypeRegistry     : Adding type registration java.sql.Time -> org.hibernate.type.BasicTypeReference@7ca492d9
2025-04-21T14:41:13.345+04:00 DEBUG 14909 --- [chat-app] [           main] org.hibernate.type.BasicTypeRegistry     : Adding type registration timestamp -> org.hibernate.type.BasicTypeReference@14fc9bd
2025-04-21T14:41:13.345+04:00 DEBUG 14909 --- [chat-app] [           main] org.hibernate.type.BasicTypeRegistry     : Adding type registration java.sql.Timestamp -> org.hibernate.type.BasicTypeReference@14fc9bd
2025-04-21T14:41:13.345+04:00 DEBUG 14909 --- [chat-app] [           main] org.hibernate.type.BasicTypeRegistry     : Adding type registration java.util.Date -> org.hibernate.type.BasicTypeReference@14fc9bd
2025-04-21T14:41:13.345+04:00 DEBUG 14909 --- [chat-app] [           main] org.hibernate.type.BasicTypeRegistry     : Adding type registration calendar -> org.hibernate.type.BasicTypeReference@7ed49a7f
2025-04-21T14:41:13.345+04:00 DEBUG 14909 --- [chat-app] [           main] org.hibernate.type.BasicTypeRegistry     : Adding type registration java.util.Calendar -> org.hibernate.type.BasicTypeReference@7ed49a7f
2025-04-21T14:41:13.345+04:00 DEBUG 14909 --- [chat-app] [           main] org.hibernate.type.BasicTypeRegistry     : Adding type registration java.util.GregorianCalendar -> org.hibernate.type.BasicTypeReference@7ed49a7f
2025-04-21T14:41:13.346+04:00 DEBUG 14909 --- [chat-app] [           main] org.hibernate.type.BasicTypeRegistry     : Adding type registration calendar_date -> org.hibernate.type.BasicTypeReference@1cd6b1bd
2025-04-21T14:41:13.346+04:00 DEBUG 14909 --- [chat-app] [           main] org.hibernate.type.BasicTypeRegistry     : Adding type registration calendar_time -> org.hibernate.type.BasicTypeReference@443cdaa4
2025-04-21T14:41:13.346+04:00 DEBUG 14909 --- [chat-app] [           main] org.hibernate.type.BasicTypeRegistry     : Adding type registration instant -> org.hibernate.type.BasicTypeReference@3b41e1bf
2025-04-21T14:41:13.346+04:00 DEBUG 14909 --- [chat-app] [           main] org.hibernate.type.BasicTypeRegistry     : Adding type registration java.time.Instant -> org.hibernate.type.BasicTypeReference@3b41e1bf
2025-04-21T14:41:13.346+04:00 DEBUG 14909 --- [chat-app] [           main] org.hibernate.type.BasicTypeRegistry     : Adding type registration uuid -> org.hibernate.type.BasicTypeReference@619c93ca
2025-04-21T14:41:13.346+04:00 DEBUG 14909 --- [chat-app] [           main] org.hibernate.type.BasicTypeRegistry     : Adding type registration java.util.UUID -> org.hibernate.type.BasicTypeReference@619c93ca
2025-04-21T14:41:13.346+04:00 DEBUG 14909 --- [chat-app] [           main] org.hibernate.type.BasicTypeRegistry     : Adding type registration pg-uuid -> org.hibernate.type.BasicTypeReference@619c93ca
2025-04-21T14:41:13.346+04:00 DEBUG 14909 --- [chat-app] [           main] org.hibernate.type.BasicTypeRegistry     : Adding type registration uuid-binary -> org.hibernate.type.BasicTypeReference@486e9d1d
2025-04-21T14:41:13.346+04:00 DEBUG 14909 --- [chat-app] [           main] org.hibernate.type.BasicTypeRegistry     : Adding type registration uuid-char -> org.hibernate.type.BasicTypeReference@6aa5974e
2025-04-21T14:41:13.346+04:00 DEBUG 14909 --- [chat-app] [           main] org.hibernate.type.BasicTypeRegistry     : Adding type registration class -> org.hibernate.type.BasicTypeReference@5e5ddfbc
2025-04-21T14:41:13.346+04:00 DEBUG 14909 --- [chat-app] [           main] org.hibernate.type.BasicTypeRegistry     : Adding type registration java.lang.Class -> org.hibernate.type.BasicTypeReference@5e5ddfbc
2025-04-21T14:41:13.346+04:00 DEBUG 14909 --- [chat-app] [           main] org.hibernate.type.BasicTypeRegistry     : Adding type registration currency -> org.hibernate.type.BasicTypeReference@5bda157e
2025-04-21T14:41:13.346+04:00 DEBUG 14909 --- [chat-app] [           main] org.hibernate.type.BasicTypeRegistry     : Adding type registration Currency -> org.hibernate.type.BasicTypeReference@5bda157e
2025-04-21T14:41:13.346+04:00 DEBUG 14909 --- [chat-app] [           main] org.hibernate.type.BasicTypeRegistry     : Adding type registration java.util.Currency -> org.hibernate.type.BasicTypeReference@5bda157e
2025-04-21T14:41:13.346+04:00 DEBUG 14909 --- [chat-app] [           main] org.hibernate.type.BasicTypeRegistry     : Adding type registration locale -> org.hibernate.type.BasicTypeReference@67e0fd6d
2025-04-21T14:41:13.346+04:00 DEBUG 14909 --- [chat-app] [           main] org.hibernate.type.BasicTypeRegistry     : Adding type registration java.util.Locale -> org.hibernate.type.BasicTypeReference@67e0fd6d
2025-04-21T14:41:13.347+04:00 DEBUG 14909 --- [chat-app] [           main] org.hibernate.type.BasicTypeRegistry     : Adding type registration serializable -> org.hibernate.type.BasicTypeReference@21390938
2025-04-21T14:41:13.347+04:00 DEBUG 14909 --- [chat-app] [           main] org.hibernate.type.BasicTypeRegistry     : Adding type registration java.io.Serializable -> org.hibernate.type.BasicTypeReference@21390938
2025-04-21T14:41:13.347+04:00 DEBUG 14909 --- [chat-app] [           main] org.hibernate.type.BasicTypeRegistry     : Adding type registration timezone -> org.hibernate.type.BasicTypeReference@1129829c
2025-04-21T14:41:13.347+04:00 DEBUG 14909 --- [chat-app] [           main] org.hibernate.type.BasicTypeRegistry     : Adding type registration java.util.TimeZone -> org.hibernate.type.BasicTypeReference@1129829c
2025-04-21T14:41:13.347+04:00 DEBUG 14909 --- [chat-app] [           main] org.hibernate.type.BasicTypeRegistry     : Adding type registration ZoneOffset -> org.hibernate.type.BasicTypeReference@1a531422
2025-04-21T14:41:13.347+04:00 DEBUG 14909 --- [chat-app] [           main] org.hibernate.type.BasicTypeRegistry     : Adding type registration java.time.ZoneOffset -> org.hibernate.type.BasicTypeReference@1a531422
2025-04-21T14:41:13.347+04:00 DEBUG 14909 --- [chat-app] [           main] org.hibernate.type.BasicTypeRegistry     : Adding type registration url -> org.hibernate.type.BasicTypeReference@7a388990
2025-04-21T14:41:13.347+04:00 DEBUG 14909 --- [chat-app] [           main] org.hibernate.type.BasicTypeRegistry     : Adding type registration java.net.URL -> org.hibernate.type.BasicTypeReference@7a388990
2025-04-21T14:41:13.347+04:00 DEBUG 14909 --- [chat-app] [           main] org.hibernate.type.BasicTypeRegistry     : Adding type registration vector -> org.hibernate.type.BasicTypeReference@13213f26
2025-04-21T14:41:13.347+04:00 DEBUG 14909 --- [chat-app] [           main] org.hibernate.type.BasicTypeRegistry     : Adding type registration float_vector -> org.hibernate.type.BasicTypeReference@4e4162bc
2025-04-21T14:41:13.347+04:00 DEBUG 14909 --- [chat-app] [           main] org.hibernate.type.BasicTypeRegistry     : Adding type registration double_vector -> org.hibernate.type.BasicTypeReference@4c319d52
2025-04-21T14:41:13.347+04:00 DEBUG 14909 --- [chat-app] [           main] org.hibernate.type.BasicTypeRegistry     : Adding type registration byte_vector -> org.hibernate.type.BasicTypeReference@72fbf94d
2025-04-21T14:41:13.347+04:00 DEBUG 14909 --- [chat-app] [           main] org.hibernate.type.BasicTypeRegistry     : Adding type registration row_version -> org.hibernate.type.BasicTypeReference@6839203b
2025-04-21T14:41:13.350+04:00 DEBUG 14909 --- [chat-app] [           main] org.hibernate.type.BasicTypeRegistry     : Adding type registration object -> org.hibernate.type.JavaObjectType@57bd6a8f
2025-04-21T14:41:13.350+04:00 DEBUG 14909 --- [chat-app] [           main] org.hibernate.type.BasicTypeRegistry     : Adding type registration java.lang.Object -> org.hibernate.type.JavaObjectType@57bd6a8f
2025-04-21T14:41:13.350+04:00 DEBUG 14909 --- [chat-app] [           main] org.hibernate.type.BasicTypeRegistry     : Adding type registration null -> org.hibernate.type.NullType@696b52bc
2025-04-21T14:41:13.351+04:00 DEBUG 14909 --- [chat-app] [           main] org.hibernate.type.BasicTypeRegistry     : Adding type registration imm_date -> org.hibernate.type.BasicTypeReference@1f884bd6
2025-04-21T14:41:13.351+04:00 DEBUG 14909 --- [chat-app] [           main] org.hibernate.type.BasicTypeRegistry     : Adding type registration imm_time -> org.hibernate.type.BasicTypeReference@4f081b5d
2025-04-21T14:41:13.351+04:00 DEBUG 14909 --- [chat-app] [           main] org.hibernate.type.BasicTypeRegistry     : Adding type registration imm_timestamp -> org.hibernate.type.BasicTypeReference@474749b8
2025-04-21T14:41:13.351+04:00 DEBUG 14909 --- [chat-app] [           main] org.hibernate.type.BasicTypeRegistry     : Adding type registration imm_calendar -> org.hibernate.type.BasicTypeReference@740a0d5e
2025-04-21T14:41:13.351+04:00 DEBUG 14909 --- [chat-app] [           main] org.hibernate.type.BasicTypeRegistry     : Adding type registration imm_calendar_date -> org.hibernate.type.BasicTypeReference@29013ef2
2025-04-21T14:41:13.351+04:00 DEBUG 14909 --- [chat-app] [           main] org.hibernate.type.BasicTypeRegistry     : Adding type registration imm_calendar_time -> org.hibernate.type.BasicTypeReference@265c1a7c
2025-04-21T14:41:13.351+04:00 DEBUG 14909 --- [chat-app] [           main] org.hibernate.type.BasicTypeRegistry     : Adding type registration imm_binary -> org.hibernate.type.BasicTypeReference@5b2b8d86
2025-04-21T14:41:13.351+04:00 DEBUG 14909 --- [chat-app] [           main] org.hibernate.type.BasicTypeRegistry     : Adding type registration imm_serializable -> org.hibernate.type.BasicTypeReference@7fef0b40
2025-04-21T14:41:13.473+04:00  INFO 14909 --- [chat-app] [           main] o.s.o.j.p.SpringPersistenceUnitInfo      : No LoadTimeWeaver setup: ignoring JPA class transformer
2025-04-21T14:41:13.489+04:00  INFO 14909 --- [chat-app] [           main] com.zaxxer.hikari.HikariDataSource       : HikariPool-1 - Starting...
2025-04-21T14:41:13.567+04:00  INFO 14909 --- [chat-app] [           main] com.zaxxer.hikari.pool.HikariPool        : HikariPool-1 - Added connection org.postgresql.jdbc.PgConnection@56835f2f
2025-04-21T14:41:13.568+04:00  INFO 14909 --- [chat-app] [           main] com.zaxxer.hikari.HikariDataSource       : HikariPool-1 - Start completed.
2025-04-21T14:41:13.615+04:00  INFO 14909 --- [chat-app] [           main] org.hibernate.orm.connections.pooling    : HHH10001005: Database info:
	Database JDBC URL [Connecting through datasource 'HikariDataSource (HikariPool-1)']
	Database driver: undefined/unknown
	Database version: 14.17
	Autocommit mode: undefined/unknown
	Isolation level: undefined/unknown
	Minimum pool size: undefined/unknown
	Maximum pool size: undefined/unknown
2025-04-21T14:41:13.619+04:00 DEBUG 14909 --- [chat-app] [           main] o.h.t.d.sql.spi.DdlTypeRegistry          : addDescriptor(2003, org.hibernate.type.descriptor.sql.internal.ArrayDdlTypeImpl@21b744ec) replaced previous registration(org.hibernate.type.descriptor.sql.internal.ArrayDdlTypeImpl@697a92af)
2025-04-21T14:41:13.619+04:00 DEBUG 14909 --- [chat-app] [           main] o.h.t.d.sql.spi.DdlTypeRegistry          : addDescriptor(6, org.hibernate.type.descriptor.sql.internal.CapacityDependentDdlType@7ea3839e) replaced previous registration(org.hibernate.type.descriptor.sql.internal.DdlTypeImpl@16b76858)
2025-04-21T14:41:13.620+04:00 DEBUG 14909 --- [chat-app] [           main] o.h.t.d.jdbc.spi.JdbcTypeRegistry        : addDescriptor(2004, BlobTypeDescriptor(BLOB_BINDING)) replaced previous registration(BlobTypeDescriptor(DEFAULT))
2025-04-21T14:41:13.620+04:00 DEBUG 14909 --- [chat-app] [           main] o.h.t.d.jdbc.spi.JdbcTypeRegistry        : addDescriptor(2005, ClobTypeDescriptor(CLOB_BINDING)) replaced previous registration(ClobTypeDescriptor(DEFAULT))
2025-04-21T14:41:13.624+04:00 DEBUG 14909 --- [chat-app] [           main] org.hibernate.type.BasicTypeRegistry     : Adding type registration JAVA_OBJECT -> org.hibernate.type.JavaObjectType@41d20f06
2025-04-21T14:41:13.624+04:00 DEBUG 14909 --- [chat-app] [           main] org.hibernate.type.BasicTypeRegistry     : Adding type registration java.lang.Object -> org.hibernate.type.JavaObjectType@41d20f06
2025-04-21T14:41:13.624+04:00 DEBUG 14909 --- [chat-app] [           main] org.hibernate.type.BasicTypeRegistry     : Type registration key [java.lang.Object] overrode previous entry : `org.hibernate.type.JavaObjectType@57bd6a8f`
2025-04-21T14:41:13.627+04:00 DEBUG 14909 --- [chat-app] [           main] org.hibernate.type.BasicTypeRegistry     : Adding type registration org.hibernate.type.DurationType -> basicType@1(java.time.Duration,3015)
2025-04-21T14:41:13.627+04:00 DEBUG 14909 --- [chat-app] [           main] org.hibernate.type.BasicTypeRegistry     : Adding type registration Duration -> basicType@1(java.time.Duration,3015)
2025-04-21T14:41:13.627+04:00 DEBUG 14909 --- [chat-app] [           main] org.hibernate.type.BasicTypeRegistry     : Adding type registration java.time.Duration -> basicType@1(java.time.Duration,3015)
2025-04-21T14:41:13.629+04:00 DEBUG 14909 --- [chat-app] [           main] org.hibernate.type.BasicTypeRegistry     : Adding type registration org.hibernate.type.OffsetDateTimeType -> basicType@2(java.time.OffsetDateTime,3003)
2025-04-21T14:41:13.629+04:00 DEBUG 14909 --- [chat-app] [           main] org.hibernate.type.BasicTypeRegistry     : Adding type registration OffsetDateTime -> basicType@2(java.time.OffsetDateTime,3003)
2025-04-21T14:41:13.629+04:00 DEBUG 14909 --- [chat-app] [           main] org.hibernate.type.BasicTypeRegistry     : Adding type registration java.time.OffsetDateTime -> basicType@2(java.time.OffsetDateTime,3003)
2025-04-21T14:41:13.629+04:00 DEBUG 14909 --- [chat-app] [           main] org.hibernate.type.BasicTypeRegistry     : Adding type registration org.hibernate.type.ZonedDateTimeType -> basicType@3(java.time.ZonedDateTime,3003)
2025-04-21T14:41:13.629+04:00 DEBUG 14909 --- [chat-app] [           main] org.hibernate.type.BasicTypeRegistry     : Adding type registration ZonedDateTime -> basicType@3(java.time.ZonedDateTime,3003)
2025-04-21T14:41:13.629+04:00 DEBUG 14909 --- [chat-app] [           main] org.hibernate.type.BasicTypeRegistry     : Adding type registration java.time.ZonedDateTime -> basicType@3(java.time.ZonedDateTime,3003)
2025-04-21T14:41:13.630+04:00 DEBUG 14909 --- [chat-app] [           main] org.hibernate.type.BasicTypeRegistry     : Adding type registration org.hibernate.type.OffsetTimeType -> basicType@4(java.time.OffsetTime,3007)
2025-04-21T14:41:13.630+04:00 DEBUG 14909 --- [chat-app] [           main] org.hibernate.type.BasicTypeRegistry     : Adding type registration OffsetTime -> basicType@4(java.time.OffsetTime,3007)
2025-04-21T14:41:13.630+04:00 DEBUG 14909 --- [chat-app] [           main] org.hibernate.type.BasicTypeRegistry     : Adding type registration java.time.OffsetTime -> basicType@4(java.time.OffsetTime,3007)
2025-04-21T14:41:13.630+04:00 DEBUG 14909 --- [chat-app] [           main] o.h.type.spi.TypeConfiguration$Scope     : Scoping TypeConfiguration [org.hibernate.type.spi.TypeConfiguration@455da438] to MetadataBuildingContext [org.hibernate.boot.internal.MetadataBuildingContextRootImpl@60652518]
2025-04-21T14:41:14.170+04:00  INFO 14909 --- [chat-app] [           main] o.h.e.t.j.p.i.JtaPlatformInitiator       : HHH000489: No JTA platform available (set 'hibernate.transaction.jta.platform' to enable JTA platform integration)
2025-04-21T14:41:14.170+04:00 DEBUG 14909 --- [chat-app] [           main] o.h.type.spi.TypeConfiguration$Scope     : Scoping TypeConfiguration [org.hibernate.type.spi.TypeConfiguration@455da438] to SessionFactoryImplementor [org.hibernate.internal.SessionFactoryImpl@571e2f15]
2025-04-21T14:41:14.171+04:00 TRACE 14909 --- [chat-app] [           main] o.h.type.spi.TypeConfiguration$Scope     : Handling #sessionFactoryCreated from [org.hibernate.internal.SessionFactoryImpl@571e2f15] for TypeConfiguration
2025-04-21T14:41:14.172+04:00  INFO 14909 --- [chat-app] [           main] j.LocalContainerEntityManagerFactoryBean : Initialized JPA EntityManagerFactory for persistence unit 'default'
2025-04-21T14:41:14.545+04:00  WARN 14909 --- [chat-app] [           main] JpaBaseConfiguration$JpaWebConfiguration : spring.jpa.open-in-view is enabled by default. Therefore, database queries may be performed during view rendering. Explicitly configure spring.jpa.open-in-view to disable this warning
2025-04-21T14:41:14.787+04:00  INFO 14909 --- [chat-app] [           main] o.s.m.s.b.SimpleBrokerMessageHandler     : Starting...
2025-04-21T14:41:14.787+04:00  INFO 14909 --- [chat-app] [           main] o.s.m.s.b.SimpleBrokerMessageHandler     : BrokerAvailabilityEvent[available=true, SimpleBrokerMessageHandler [org.springframework.messaging.simp.broker.DefaultSubscriptionRegistry@69542112]]
2025-04-21T14:41:14.788+04:00  INFO 14909 --- [chat-app] [           main] o.s.m.s.b.SimpleBrokerMessageHandler     : Started.
2025-04-21T14:41:14.794+04:00  INFO 14909 --- [chat-app] [           main] c.e.chat_app.ChatAppApplicationTests     : Started ChatAppApplicationTests in 2.296 seconds (process running for 2.855)
]]></system-out>
    <system-err><![CDATA[Mockito is currently self-attaching to enable the inline-mock-maker. This will no longer work in future releases of the JDK. Please add Mockito as an agent to your build what is described in Mockito's documentation: https://javadoc.io/doc/org.mockito/mockito-core/latest/org/mockito/Mockito.html#0.3
WARNING: A Java agent has been loaded dynamically (/Users/dimakulakov/.m2/repository/net/bytebuddy/byte-buddy-agent/1.15.11/byte-buddy-agent-1.15.11.jar)
WARNING: If a serviceability tool is in use, please run with -XX:+EnableDynamicAgentLoading to hide this warning
WARNING: If a serviceability tool is not in use, please run with -Djdk.instrument.traceUsage for more information
WARNING: Dynamic loading of agents will be disallowed by default in a future release
]]></system-err>
  </testcase>
</testsuite>