<?xml version="1.0" encoding="UTF-8"?>
<testsuite xmlns:xsi="http://www.w3.org/2001/XMLSchema-instance" xsi:noNamespaceSchemaLocation="https://maven.apache.org/surefire/maven-surefire-plugin/xsd/surefire-test-report.xsd" version="3.0.2" name="com.example.chat_app.ChatAppApplicationTests" time="3.122" tests="1" errors="0" skipped="0" failures="0">
  <properties>
[...]
</properties>
  <testcase name="contextLoads" classname="com.example.chat_app.ChatAppApplicationTests" time="0.412">
    <system-out><![CDATA[02:56:45.063 [main] INFO org.springframework.test.context.support.AnnotationConfigContextLoaderUtils -- Could not detect default configuration classes for test class [com.example.chat_app.ChatAppApplicationTests]: ChatAppApplicationTests does not declare any static, non-private, non-final, nested classes annotated with @Configuration.
02:56:45.131 [main] INFO org.springframework.boot.test.context.SpringBootTestContextBootstrapper -- Found @SpringBootConfiguration com.example.chat_app.ChatAppApplication for test class com.example.chat_app.ChatAppApplicationTests

  .   ____          _            __ _ _
 /\\ / ___'_ __ _ _(_)_ __  __ _ \ \ \ \
( ( )\___ | '_ | '_| | '_ \/ _` | \ \ \ \
 \\/  ___)| |_)| | | | | || (_| |  ) ) ) )
  '  |____| .__|_| |_|_| |_\__, | / / / /
 =========|_|==============|___/=/_/_/_/

 :: Spring Boot ::                (v3.4.4)

2025-04-21T02:56:45.365+04:00  INFO 306888 --- [chat-app] [           main] c.e.chat_app.ChatAppApplicationTests     : Starting ChatAppApplicationTests using Java 17.0.14 with PID 306888 (started by dima in /home/dima/Coursework-web/backend)
2025-04-21T02:56:45.366+04:00  INFO 306888 --- [chat-app] [           main] c.e.chat_app.ChatAppApplicationTests     : No active profile set, falling back to 1 default profile: "default"
2025-04-21T02:56:45.734+04:00  INFO 306888 --- [chat-app] [           main] .s.d.r.c.RepositoryConfigurationDelegate : Bootstrapping Spring Data JPA repositories in DEFAULT mode.
2025-04-21T02:56:45.783+04:00  INFO 306888 --- [chat-app] [           main] .s.d.r.c.RepositoryConfigurationDelegate : Finished Spring Data repository scanning in 42 ms. Found 7 JPA repository interfaces.
2025-04-21T02:56:46.038+04:00  INFO 306888 --- [chat-app] [           main] o.hibernate.jpa.internal.util.LogHelper  : HHH000204: Processing PersistenceUnitInfo [name: default]
2025-04-21T02:56:46.065+04:00  INFO 306888 --- [chat-app] [           main] org.hibernate.Version                    : HHH000412: Hibernate ORM core version 6.6.11.Final
2025-04-21T02:56:46.083+04:00  INFO 306888 --- [chat-app] [           main] o.h.c.internal.RegionFactoryInitiator    : HHH000026: Second-level cache disabled
2025-04-21T02:56:46.126+04:00 DEBUG 306888 --- [chat-app] [           main] org.hibernate.type.BasicTypeRegistry     : Adding type registration boolean -> org.hibernate.type.BasicTypeReference@2a8f6e6
2025-04-21T02:56:46.127+04:00 DEBUG 306888 --- [chat-app] [           main] org.hibernate.type.BasicTypeRegistry     : Adding type registration boolean -> org.hibernate.type.BasicTypeReference@2a8f6e6
2025-04-21T02:56:46.127+04:00 DEBUG 306888 --- [chat-app] [           main] org.hibernate.type.BasicTypeRegistry     : Adding type registration java.lang.Boolean -> org.hibernate.type.BasicTypeReference@2a8f6e6
2025-04-21T02:56:46.127+04:00 DEBUG 306888 --- [chat-app] [           main] org.hibernate.type.BasicTypeRegistry     : Adding type registration numeric_boolean -> org.hibernate.type.BasicTypeReference@1ac730cd
2025-04-21T02:56:46.127+04:00 DEBUG 306888 --- [chat-app] [           main] org.hibernate.type.BasicTypeRegistry     : Adding type registration org.hibernate.type.NumericBooleanConverter -> org.hibernate.type.BasicTypeReference@1ac730cd
2025-04-21T02:56:46.127+04:00 DEBUG 306888 --- [chat-app] [           main] org.hibernate.type.BasicTypeRegistry     : Adding type registration true_false -> org.hibernate.type.BasicTypeReference@668cc9a2
2025-04-21T02:56:46.127+04:00 DEBUG 306888 --- [chat-app] [           main] org.hibernate.type.BasicTypeRegistry     : Adding type registration org.hibernate.type.TrueFalseConverter -> org.hibernate.type.BasicTypeReference@668cc9a2
2025-04-21T02:56:46.127+04:00 DEBUG 306888 --- [chat-app] [           main] org.hibernate.type.BasicTypeRegistry     : Adding type registration yes_no -> org.hibernate.type.BasicTypeReference@5aa62ee7
2025-04-21T02:56:46.127+04:00 DEBUG 306888 --- [chat-app] [           main] org.hibernate.type.BasicTypeRegistry     : Adding type registration org.hibernate.type.YesNoConverter -> org.hibernate.type.BasicTypeReference@5aa62ee7
2025-04-21T02:56:46.128+04:00 DEBUG 306888 --- [chat-app] [           main] org.hibernate.type.BasicTypeRegistry     : Adding type registration byte -> org.hibernate.type.BasicTypeReference@1f7cec93
2025-04-21T02:56:46.128+04:00 DEBUG 306888 --- [chat-app] [           main] org.hibernate.type.BasicTypeRegistry     : Adding type registration byte -> org.hibernate.type.BasicTypeReference@1f7cec93
2025-04-21T02:56:46.128+04:00 DEBUG 306888 --- [chat-app] [           main] org.hibernate.type.BasicTypeRegistry     : Adding type registration java.lang.Byte -> org.hibernate.type.BasicTypeReference@1f7cec93
2025-04-21T02:56:46.128+04:00 DEBUG 306888 --- [chat-app] [           main] org.hibernate.type.BasicTypeRegistry     : Adding type registration binary -> org.hibernate.type.BasicTypeReference@3c9ef6e9
2025-04-21T02:56:46.128+04:00 DEBUG 306888 --- [chat-app] [           main] org.hibernate.type.BasicTypeRegistry     : Adding type registration byte[] -> org.hibernate.type.BasicTypeReference@3c9ef6e9
2025-04-21T02:56:46.128+04:00 DEBUG 306888 --- [chat-app] [           main] org.hibernate.type.BasicTypeRegistry     : Adding type registration [B -> org.hibernate.type.BasicTypeReference@3c9ef6e9
2025-04-21T02:56:46.128+04:00 DEBUG 306888 --- [chat-app] [           main] org.hibernate.type.BasicTypeRegistry     : Adding type registration binary_wrapper -> org.hibernate.type.BasicTypeReference@2f054f70
2025-04-21T02:56:46.129+04:00 DEBUG 306888 --- [chat-app] [           main] org.hibernate.type.BasicTypeRegistry     : Adding type registration wrapper-binary -> org.hibernate.type.BasicTypeReference@2f054f70
2025-04-21T02:56:46.129+04:00 DEBUG 306888 --- [chat-app] [           main] org.hibernate.type.BasicTypeRegistry     : Adding type registration image -> org.hibernate.type.BasicTypeReference@6467ddc7
2025-04-21T02:56:46.129+04:00 DEBUG 306888 --- [chat-app] [           main] org.hibernate.type.BasicTypeRegistry     : Adding type registration blob -> org.hibernate.type.BasicTypeReference@27b337bb
2025-04-21T02:56:46.129+04:00 DEBUG 306888 --- [chat-app] [           main] org.hibernate.type.BasicTypeRegistry     : Adding type registration java.sql.Blob -> org.hibernate.type.BasicTypeReference@27b337bb
2025-04-21T02:56:46.129+04:00 DEBUG 306888 --- [chat-app] [           main] org.hibernate.type.BasicTypeRegistry     : Adding type registration materialized_blob -> org.hibernate.type.BasicTypeReference@59636c47
2025-04-21T02:56:46.129+04:00 DEBUG 306888 --- [chat-app] [           main] org.hibernate.type.BasicTypeRegistry     : Adding type registration materialized_blob_wrapper -> org.hibernate.type.BasicTypeReference@5c18d6d4
2025-04-21T02:56:46.129+04:00 DEBUG 306888 --- [chat-app] [           main] org.hibernate.type.BasicTypeRegistry     : Adding type registration short -> org.hibernate.type.BasicTypeReference@6cbb175
2025-04-21T02:56:46.129+04:00 DEBUG 306888 --- [chat-app] [           main] org.hibernate.type.BasicTypeRegistry     : Adding type registration short -> org.hibernate.type.BasicTypeReference@6cbb175
2025-04-21T02:56:46.129+04:00 DEBUG 306888 --- [chat-app] [           main] org.hibernate.type.BasicTypeRegistry     : Adding type registration java.lang.Short -> org.hibernate.type.BasicTypeReference@6cbb175
2025-04-21T02:56:46.129+04:00 DEBUG 306888 --- [chat-app] [           main] org.hibernate.type.BasicTypeRegistry     : Adding type registration integer -> org.hibernate.type.BasicTypeReference@38fb50f8
2025-04-21T02:56:46.130+04:00 DEBUG 306888 --- [chat-app] [           main] org.hibernate.type.BasicTypeRegistry     : Adding type registration int -> org.hibernate.type.BasicTypeReference@38fb50f8
2025-04-21T02:56:46.130+04:00 DEBUG 306888 --- [chat-app] [           main] org.hibernate.type.BasicTypeRegistry     : Adding type registration java.lang.Integer -> org.hibernate.type.BasicTypeReference@38fb50f8
2025-04-21T02:56:46.130+04:00 DEBUG 306888 --- [chat-app] [           main] org.hibernate.type.BasicTypeRegistry     : Adding type registration long -> org.hibernate.type.BasicTypeReference@7ab802f4
2025-04-21T02:56:46.130+04:00 DEBUG 306888 --- [chat-app] [           main] org.hibernate.type.BasicTypeRegistry     : Adding type registration long -> org.hibernate.type.BasicTypeReference@7ab802f4
2025-04-21T02:56:46.130+04:00 DEBUG 306888 --- [chat-app] [           main] org.hibernate.type.BasicTypeRegistry     : Adding type registration java.lang.Long -> org.hibernate.type.BasicTypeReference@7ab802f4
2025-04-21T02:56:46.130+04:00 DEBUG 306888 --- [chat-app] [           main] org.hibernate.type.BasicTypeRegistry     : Adding type registration float -> org.hibernate.type.BasicTypeReference@608cd501
2025-04-21T02:56:46.130+04:00 DEBUG 306888 --- [chat-app] [           main] org.hibernate.type.BasicTypeRegistry     : Adding type registration float -> org.hibernate.type.BasicTypeReference@608cd501
2025-04-21T02:56:46.130+04:00 DEBUG 306888 --- [chat-app] [           main] org.hibernate.type.BasicTypeRegistry     : Adding type registration java.lang.Float -> org.hibernate.type.BasicTypeReference@608cd501
2025-04-21T02:56:46.130+04:00 DEBUG 306888 --- [chat-app] [           main] org.hibernate.type.BasicTypeRegistry     : Adding type registration double -> org.hibernate.type.BasicTypeReference@3b97907c
2025-04-21T02:56:46.130+04:00 DEBUG 306888 --- [chat-app] [           main] org.hibernate.type.BasicTypeRegistry     : Adding type registration double -> org.hibernate.type.BasicTypeReference@3b97907c
2025-04-21T02:56:46.131+04:00 DEBUG 306888 --- [chat-app] [           main] org.hibernate.type.BasicTypeRegistry     : Adding type registration java.lang.Double -> org.hibernate.type.BasicTypeReference@3b97907c
2025-04-21T02:56:46.131+04:00 DEBUG 306888 --- [chat-app] [           main] org.hibernate.type.BasicTypeRegistry     : Adding type registration big_integer -> org.hibernate.type.BasicTypeReference@59096b66
2025-04-21T02:56:46.131+04:00 DEBUG 306888 --- [chat-app] [           main] org.hibernate.type.BasicTypeRegistry     : Adding type registration java.math.BigInteger -> org.hibernate.type.BasicTypeReference@59096b66
2025-04-21T02:56:46.131+04:00 DEBUG 306888 --- [chat-app] [           main] org.hibernate.type.BasicTypeRegistry     : Adding type registration big_decimal -> org.hibernate.type.BasicTypeReference@631c6d11
2025-04-21T02:56:46.131+04:00 DEBUG 306888 --- [chat-app] [           main] org.hibernate.type.BasicTypeRegistry     : Adding type registration java.math.BigDecimal -> org.hibernate.type.BasicTypeReference@631c6d11
2025-04-21T02:56:46.131+04:00 DEBUG 306888 --- [chat-app] [           main] org.hibernate.type.BasicTypeRegistry     : Adding type registration character -> org.hibernate.type.BasicTypeReference@65be88ae
2025-04-21T02:56:46.131+04:00 DEBUG 306888 --- [chat-app] [           main] org.hibernate.type.BasicTypeRegistry     : Adding type registration char -> org.hibernate.type.BasicTypeReference@65be88ae
2025-04-21T02:56:46.131+04:00 DEBUG 306888 --- [chat-app] [           main] org.hibernate.type.BasicTypeRegistry     : Adding type registration java.lang.Character -> org.hibernate.type.BasicTypeReference@65be88ae
2025-04-21T02:56:46.132+04:00 DEBUG 306888 --- [chat-app] [           main] org.hibernate.type.BasicTypeRegistry     : Adding type registration character_nchar -> org.hibernate.type.BasicTypeReference@62ade015
2025-04-21T02:56:46.132+04:00 DEBUG 306888 --- [chat-app] [           main] org.hibernate.type.BasicTypeRegistry     : Adding type registration string -> org.hibernate.type.BasicTypeReference@70ede57d
2025-04-21T02:56:46.132+04:00 DEBUG 306888 --- [chat-app] [           main] org.hibernate.type.BasicTypeRegistry     : Adding type registration java.lang.String -> org.hibernate.type.BasicTypeReference@70ede57d
2025-04-21T02:56:46.132+04:00 DEBUG 306888 --- [chat-app] [           main] org.hibernate.type.BasicTypeRegistry     : Adding type registration nstring -> org.hibernate.type.BasicTypeReference@70997a94
2025-04-21T02:56:46.132+04:00 DEBUG 306888 --- [chat-app] [           main] org.hibernate.type.BasicTypeRegistry     : Adding type registration characters -> org.hibernate.type.BasicTypeReference@61f377d1
2025-04-21T02:56:46.132+04:00 DEBUG 306888 --- [chat-app] [           main] org.hibernate.type.BasicTypeRegistry     : Adding type registration char[] -> org.hibernate.type.BasicTypeReference@61f377d1
2025-04-21T02:56:46.132+04:00 DEBUG 306888 --- [chat-app] [           main] org.hibernate.type.BasicTypeRegistry     : Adding type registration [C -> org.hibernate.type.BasicTypeReference@61f377d1
2025-04-21T02:56:46.132+04:00 DEBUG 306888 --- [chat-app] [           main] org.hibernate.type.BasicTypeRegistry     : Adding type registration wrapper-characters -> org.hibernate.type.BasicTypeReference@6c538eb2
2025-04-21T02:56:46.132+04:00 DEBUG 306888 --- [chat-app] [           main] org.hibernate.type.BasicTypeRegistry     : Adding type registration text -> org.hibernate.type.BasicTypeReference@738a5848
2025-04-21T02:56:46.132+04:00 DEBUG 306888 --- [chat-app] [           main] org.hibernate.type.BasicTypeRegistry     : Adding type registration ntext -> org.hibernate.type.BasicTypeReference@487cd177
2025-04-21T02:56:46.132+04:00 DEBUG 306888 --- [chat-app] [           main] org.hibernate.type.BasicTypeRegistry     : Adding type registration clob -> org.hibernate.type.BasicTypeReference@324b6a56
2025-04-21T02:56:46.133+04:00 DEBUG 306888 --- [chat-app] [           main] org.hibernate.type.BasicTypeRegistry     : Adding type registration java.sql.Clob -> org.hibernate.type.BasicTypeReference@324b6a56
2025-04-21T02:56:46.133+04:00 DEBUG 306888 --- [chat-app] [           main] org.hibernate.type.BasicTypeRegistry     : Adding type registration nclob -> org.hibernate.type.BasicTypeReference@421d54b3
2025-04-21T02:56:46.133+04:00 DEBUG 306888 --- [chat-app] [           main] org.hibernate.type.BasicTypeRegistry     : Adding type registration java.sql.NClob -> org.hibernate.type.BasicTypeReference@421d54b3
2025-04-21T02:56:46.133+04:00 DEBUG 306888 --- [chat-app] [           main] org.hibernate.type.BasicTypeRegistry     : Adding type registration materialized_clob -> org.hibernate.type.BasicTypeReference@63f40ca0
2025-04-21T02:56:46.133+04:00 DEBUG 306888 --- [chat-app] [           main] org.hibernate.type.BasicTypeRegistry     : Adding type registration materialized_clob_char_array -> org.hibernate.type.BasicTypeReference@4dad8ec0
2025-04-21T02:56:46.133+04:00 DEBUG 306888 --- [chat-app] [           main] org.hibernate.type.BasicTypeRegistry     : Adding type registration materialized_clob_character_array -> org.hibernate.type.BasicTypeReference@24dd44f9
2025-04-21T02:56:46.133+04:00 DEBUG 306888 --- [chat-app] [           main] org.hibernate.type.BasicTypeRegistry     : Adding type registration materialized_nclob -> org.hibernate.type.BasicTypeReference@ccd341d
2025-04-21T02:56:46.133+04:00 DEBUG 306888 --- [chat-app] [           main] org.hibernate.type.BasicTypeRegistry     : Adding type registration materialized_nclob_character_array -> org.hibernate.type.BasicTypeReference@4f1fb828
2025-04-21T02:56:46.133+04:00 DEBUG 306888 --- [chat-app] [           main] org.hibernate.type.BasicTypeRegistry     : Adding type registration materialized_nclob_char_array -> org.hibernate.type.BasicTypeReference@6ee5f485
2025-04-21T02:56:46.133+04:00 DEBUG 306888 --- [chat-app] [           main] org.hibernate.type.BasicTypeRegistry     : Adding type registration Duration -> org.hibernate.type.BasicTypeReference@20d19f2c
2025-04-21T02:56:46.134+04:00 DEBUG 306888 --- [chat-app] [           main] org.hibernate.type.BasicTypeRegistry     : Adding type registration java.time.Duration -> org.hibernate.type.BasicTypeReference@20d19f2c
2025-04-21T02:56:46.134+04:00 DEBUG 306888 --- [chat-app] [           main] org.hibernate.type.BasicTypeRegistry     : Adding type registration LocalDateTime -> org.hibernate.type.BasicTypeReference@45592af7
2025-04-21T02:56:46.134+04:00 DEBUG 306888 --- [chat-app] [           main] org.hibernate.type.BasicTypeRegistry     : Adding type registration java.time.LocalDateTime -> org.hibernate.type.BasicTypeReference@45592af7
2025-04-21T02:56:46.134+04:00 DEBUG 306888 --- [chat-app] [           main] org.hibernate.type.BasicTypeRegistry     : Adding type registration LocalDate -> org.hibernate.type.BasicTypeReference@77b5148c
2025-04-21T02:56:46.134+04:00 DEBUG 306888 --- [chat-app] [           main] org.hibernate.type.BasicTypeRegistry     : Adding type registration java.time.LocalDate -> org.hibernate.type.BasicTypeReference@77b5148c
2025-04-21T02:56:46.134+04:00 DEBUG 306888 --- [chat-app] [           main] org.hibernate.type.BasicTypeRegistry     : Adding type registration LocalTime -> org.hibernate.type.BasicTypeReference@36359723
2025-04-21T02:56:46.134+04:00 DEBUG 306888 --- [chat-app] [           main] org.hibernate.type.BasicTypeRegistry     : Adding type registration java.time.LocalTime -> org.hibernate.type.BasicTypeReference@36359723
2025-04-21T02:56:46.134+04:00 DEBUG 306888 --- [chat-app] [           main] org.hibernate.type.BasicTypeRegistry     : Adding type registration OffsetDateTime -> org.hibernate.type.BasicTypeReference@1ab14636
2025-04-21T02:56:46.134+04:00 DEBUG 306888 --- [chat-app] [           main] org.hibernate.type.BasicTypeRegistry     : Adding type registration java.time.OffsetDateTime -> org.hibernate.type.BasicTypeReference@1ab14636
2025-04-21T02:56:46.134+04:00 DEBUG 306888 --- [chat-app] [           main] org.hibernate.type.BasicTypeRegistry     : Adding type registration OffsetDateTimeWithTimezone -> org.hibernate.type.BasicTypeReference@16b3c905
2025-04-21T02:56:46.134+04:00 DEBUG 306888 --- [chat-app] [           main] org.hibernate.type.BasicTypeRegistry     : Adding type registration OffsetDateTimeWithoutTimezone -> org.hibernate.type.BasicTypeReference@49fdbe2b
2025-04-21T02:56:46.134+04:00 DEBUG 306888 --- [chat-app] [           main] org.hibernate.type.BasicTypeRegistry     : Adding type registration OffsetTime -> org.hibernate.type.BasicTypeReference@53eba4b8
2025-04-21T02:56:46.135+04:00 DEBUG 306888 --- [chat-app] [           main] org.hibernate.type.BasicTypeRegistry     : Adding type registration java.time.OffsetTime -> org.hibernate.type.BasicTypeReference@53eba4b8
2025-04-21T02:56:46.135+04:00 DEBUG 306888 --- [chat-app] [           main] org.hibernate.type.BasicTypeRegistry     : Adding type registration OffsetTimeUtc -> org.hibernate.type.BasicTypeReference@437bd805
2025-04-21T02:56:46.135+04:00 DEBUG 306888 --- [chat-app] [           main] org.hibernate.type.BasicTypeRegistry     : Adding type registration OffsetTimeWithTimezone -> org.hibernate.type.BasicTypeReference@4b88ca8e
2025-04-21T02:56:46.135+04:00 DEBUG 306888 --- [chat-app] [           main] org.hibernate.type.BasicTypeRegistry     : Adding type registration OffsetTimeWithoutTimezone -> org.hibernate.type.BasicTypeReference@6fa02932
2025-04-21T02:56:46.135+04:00 DEBUG 306888 --- [chat-app] [           main] org.hibernate.type.BasicTypeRegistry     : Adding type registration ZonedDateTime -> org.hibernate.type.BasicTypeReference@61608e1a
2025-04-21T02:56:46.135+04:00 DEBUG 306888 --- [chat-app] [           main] org.hibernate.type.BasicTypeRegistry     : Adding type registration java.time.ZonedDateTime -> org.hibernate.type.BasicTypeReference@61608e1a
2025-04-21T02:56:46.135+04:00 DEBUG 306888 --- [chat-app] [           main] org.hibernate.type.BasicTypeRegistry     : Adding type registration ZonedDateTimeWithTimezone -> org.hibernate.type.BasicTypeReference@7c46c9c3
2025-04-21T02:56:46.135+04:00 DEBUG 306888 --- [chat-app] [           main] org.hibernate.type.BasicTypeRegistry     : Adding type registration ZonedDateTimeWithoutTimezone -> org.hibernate.type.BasicTypeReference@7197b07f
2025-04-21T02:56:46.135+04:00 DEBUG 306888 --- [chat-app] [           main] org.hibernate.type.BasicTypeRegistry     : Adding type registration date -> org.hibernate.type.BasicTypeReference@1f10fec6
2025-04-21T02:56:46.135+04:00 DEBUG 306888 --- [chat-app] [           main] org.hibernate.type.BasicTypeRegistry     : Adding type registration java.sql.Date -> org.hibernate.type.BasicTypeReference@1f10fec6
2025-04-21T02:56:46.135+04:00 DEBUG 306888 --- [chat-app] [           main] org.hibernate.type.BasicTypeRegistry     : Adding type registration time -> org.hibernate.type.BasicTypeReference@7a65a360
2025-04-21T02:56:46.135+04:00 DEBUG 306888 --- [chat-app] [           main] org.hibernate.type.BasicTypeRegistry     : Adding type registration java.sql.Time -> org.hibernate.type.BasicTypeReference@7a65a360
2025-04-21T02:56:46.135+04:00 DEBUG 306888 --- [chat-app] [           main] org.hibernate.type.BasicTypeRegistry     : Adding type registration timestamp -> org.hibernate.type.BasicTypeReference@30a7653e
2025-04-21T02:56:46.136+04:00 DEBUG 306888 --- [chat-app] [           main] org.hibernate.type.BasicTypeRegistry     : Adding type registration java.sql.Timestamp -> org.hibernate.type.BasicTypeReference@30a7653e
2025-04-21T02:56:46.136+04:00 DEBUG 306888 --- [chat-app] [           main] org.hibernate.type.BasicTypeRegistry     : Adding type registration java.util.Date -> org.hibernate.type.BasicTypeReference@30a7653e
2025-04-21T02:56:46.136+04:00 DEBUG 306888 --- [chat-app] [           main] org.hibernate.type.BasicTypeRegistry     : Adding type registration calendar -> org.hibernate.type.BasicTypeReference@7cff3f1d
2025-04-21T02:56:46.136+04:00 DEBUG 306888 --- [chat-app] [           main] org.hibernate.type.BasicTypeRegistry     : Adding type registration java.util.Calendar -> org.hibernate.type.BasicTypeReference@7cff3f1d
2025-04-21T02:56:46.136+04:00 DEBUG 306888 --- [chat-app] [           main] org.hibernate.type.BasicTypeRegistry     : Adding type registration java.util.GregorianCalendar -> org.hibernate.type.BasicTypeReference@7cff3f1d
2025-04-21T02:56:46.136+04:00 DEBUG 306888 --- [chat-app] [           main] org.hibernate.type.BasicTypeRegistry     : Adding type registration calendar_date -> org.hibernate.type.BasicTypeReference@6401188a
2025-04-21T02:56:46.136+04:00 DEBUG 306888 --- [chat-app] [           main] org.hibernate.type.BasicTypeRegistry     : Adding type registration calendar_time -> org.hibernate.type.BasicTypeReference@33a8c9c9
2025-04-21T02:56:46.136+04:00 DEBUG 306888 --- [chat-app] [           main] org.hibernate.type.BasicTypeRegistry     : Adding type registration instant -> org.hibernate.type.BasicTypeReference@382dc417
2025-04-21T02:56:46.136+04:00 DEBUG 306888 --- [chat-app] [           main] org.hibernate.type.BasicTypeRegistry     : Adding type registration java.time.Instant -> org.hibernate.type.BasicTypeReference@382dc417
2025-04-21T02:56:46.136+04:00 DEBUG 306888 --- [chat-app] [           main] org.hibernate.type.BasicTypeRegistry     : Adding type registration uuid -> org.hibernate.type.BasicTypeReference@3daf03d8
2025-04-21T02:56:46.136+04:00 DEBUG 306888 --- [chat-app] [           main] org.hibernate.type.BasicTypeRegistry     : Adding type registration java.util.UUID -> org.hibernate.type.BasicTypeReference@3daf03d8
2025-04-21T02:56:46.136+04:00 DEBUG 306888 --- [chat-app] [           main] org.hibernate.type.BasicTypeRegistry     : Adding type registration pg-uuid -> org.hibernate.type.BasicTypeReference@3daf03d8
2025-04-21T02:56:46.136+04:00 DEBUG 306888 --- [chat-app] [           main] org.hibernate.type.BasicTypeRegistry     : Adding type registration uuid-binary -> org.hibernate.type.BasicTypeReference@510689af
2025-04-21T02:56:46.136+04:00 DEBUG 306888 --- [chat-app] [           main] org.hibernate.type.BasicTypeRegistry     : Adding type registration uuid-char -> org.hibernate.type.BasicTypeReference@2415e4c7
2025-04-21T02:56:46.136+04:00 DEBUG 306888 --- [chat-app] [           main] org.hibernate.type.BasicTypeRegistry     : Adding type registration class -> org.hibernate.type.BasicTypeReference@72ce812e
2025-04-21T02:56:46.137+04:00 DEBUG 306888 --- [chat-app] [           main] org.hibernate.type.BasicTypeRegistry     : Adding type registration java.lang.Class -> org.hibernate.type.BasicTypeReference@72ce812e
2025-04-21T02:56:46.137+04:00 DEBUG 306888 --- [chat-app] [           main] org.hibernate.type.BasicTypeRegistry     : Adding type registration currency -> org.hibernate.type.BasicTypeReference@373afd6c
2025-04-21T02:56:46.137+04:00 DEBUG 306888 --- [chat-app] [           main] org.hibernate.type.BasicTypeRegistry     : Adding type registration Currency -> org.hibernate.type.BasicTypeReference@373afd6c
2025-04-21T02:56:46.137+04:00 DEBUG 306888 --- [chat-app] [           main] org.hibernate.type.BasicTypeRegistry     : Adding type registration java.util.Currency -> org.hibernate.type.BasicTypeReference@373afd6c
2025-04-21T02:56:46.137+04:00 DEBUG 306888 --- [chat-app] [           main] org.hibernate.type.BasicTypeRegistry     : Adding type registration locale -> org.hibernate.type.BasicTypeReference@521441d5
2025-04-21T02:56:46.137+04:00 DEBUG 306888 --- [chat-app] [           main] org.hibernate.type.BasicTypeRegistry     : Adding type registration java.util.Locale -> org.hibernate.type.BasicTypeReference@521441d5
2025-04-21T02:56:46.137+04:00 DEBUG 306888 --- [chat-app] [           main] org.hibernate.type.BasicTypeRegistry     : Adding type registration serializable -> org.hibernate.type.BasicTypeReference@592ca48c
2025-04-21T02:56:46.137+04:00 DEBUG 306888 --- [chat-app] [           main] org.hibernate.type.BasicTypeRegistry     : Adding type registration java.io.Serializable -> org.hibernate.type.BasicTypeReference@592ca48c
2025-04-21T02:56:46.137+04:00 DEBUG 306888 --- [chat-app] [           main] org.hibernate.type.BasicTypeRegistry     : Adding type registration timezone -> org.hibernate.type.BasicTypeReference@5fed9976
2025-04-21T02:56:46.137+04:00 DEBUG 306888 --- [chat-app] [           main] org.hibernate.type.BasicTypeRegistry     : Adding type registration java.util.TimeZone -> org.hibernate.type.BasicTypeReference@5fed9976
2025-04-21T02:56:46.137+04:00 DEBUG 306888 --- [chat-app] [           main] org.hibernate.type.BasicTypeRegistry     : Adding type registration ZoneOffset -> org.hibernate.type.BasicTypeReference@3fdcde7a
2025-04-21T02:56:46.137+04:00 DEBUG 306888 --- [chat-app] [           main] org.hibernate.type.BasicTypeRegistry     : Adding type registration java.time.ZoneOffset -> org.hibernate.type.BasicTypeReference@3fdcde7a
2025-04-21T02:56:46.137+04:00 DEBUG 306888 --- [chat-app] [           main] org.hibernate.type.BasicTypeRegistry     : Adding type registration url -> org.hibernate.type.BasicTypeReference@4f363abd
2025-04-21T02:56:46.137+04:00 DEBUG 306888 --- [chat-app] [           main] org.hibernate.type.BasicTypeRegistry     : Adding type registration java.net.URL -> org.hibernate.type.BasicTypeReference@4f363abd
2025-04-21T02:56:46.137+04:00 DEBUG 306888 --- [chat-app] [           main] org.hibernate.type.BasicTypeRegistry     : Adding type registration vector -> org.hibernate.type.BasicTypeReference@7302ff13
2025-04-21T02:56:46.138+04:00 DEBUG 306888 --- [chat-app] [           main] org.hibernate.type.BasicTypeRegistry     : Adding type registration float_vector -> org.hibernate.type.BasicTypeReference@4017fe2c
2025-04-21T02:56:46.138+04:00 DEBUG 306888 --- [chat-app] [           main] org.hibernate.type.BasicTypeRegistry     : Adding type registration double_vector -> org.hibernate.type.BasicTypeReference@1961d75a
2025-04-21T02:56:46.138+04:00 DEBUG 306888 --- [chat-app] [           main] org.hibernate.type.BasicTypeRegistry     : Adding type registration byte_vector -> org.hibernate.type.BasicTypeReference@677ce519
2025-04-21T02:56:46.138+04:00 DEBUG 306888 --- [chat-app] [           main] org.hibernate.type.BasicTypeRegistry     : Adding type registration row_version -> org.hibernate.type.BasicTypeReference@3e26482
2025-04-21T02:56:46.140+04:00 DEBUG 306888 --- [chat-app] [           main] org.hibernate.type.BasicTypeRegistry     : Adding type registration object -> org.hibernate.type.JavaObjectType@6f731759
2025-04-21T02:56:46.140+04:00 DEBUG 306888 --- [chat-app] [           main] org.hibernate.type.BasicTypeRegistry     : Adding type registration java.lang.Object -> org.hibernate.type.JavaObjectType@6f731759
2025-04-21T02:56:46.141+04:00 DEBUG 306888 --- [chat-app] [           main] org.hibernate.type.BasicTypeRegistry     : Adding type registration null -> org.hibernate.type.NullType@256a0d95
2025-04-21T02:56:46.141+04:00 DEBUG 306888 --- [chat-app] [           main] org.hibernate.type.BasicTypeRegistry     : Adding type registration imm_date -> org.hibernate.type.BasicTypeReference@2f3928ac
2025-04-21T02:56:46.141+04:00 DEBUG 306888 --- [chat-app] [           main] org.hibernate.type.BasicTypeRegistry     : Adding type registration imm_time -> org.hibernate.type.BasicTypeReference@4bf03fee
2025-04-21T02:56:46.141+04:00 DEBUG 306888 --- [chat-app] [           main] org.hibernate.type.BasicTypeRegistry     : Adding type registration imm_timestamp -> org.hibernate.type.BasicTypeReference@31834a2b
2025-04-21T02:56:46.141+04:00 DEBUG 306888 --- [chat-app] [           main] org.hibernate.type.BasicTypeRegistry     : Adding type registration imm_calendar -> org.hibernate.type.BasicTypeReference@44f0ff2b
2025-04-21T02:56:46.141+04:00 DEBUG 306888 --- [chat-app] [           main] org.hibernate.type.BasicTypeRegistry     : Adding type registration imm_calendar_date -> org.hibernate.type.BasicTypeReference@22ead351
2025-04-21T02:56:46.141+04:00 DEBUG 306888 --- [chat-app] [           main] org.hibernate.type.BasicTypeRegistry     : Adding type registration imm_calendar_time -> org.hibernate.type.BasicTypeReference@68af87ad
2025-04-21T02:56:46.141+04:00 DEBUG 306888 --- [chat-app] [           main] org.hibernate.type.BasicTypeRegistry     : Adding type registration imm_binary -> org.hibernate.type.BasicTypeReference@43d65a81
2025-04-21T02:56:46.141+04:00 DEBUG 306888 --- [chat-app] [           main] org.hibernate.type.BasicTypeRegistry     : Adding type registration imm_serializable -> org.hibernate.type.BasicTypeReference@9cfc77
2025-04-21T02:56:46.245+04:00  INFO 306888 --- [chat-app] [           main] o.s.o.j.p.SpringPersistenceUnitInfo      : No LoadTimeWeaver setup: ignoring JPA class transformer
2025-04-21T02:56:46.268+04:00  INFO 306888 --- [chat-app] [           main] com.zaxxer.hikari.HikariDataSource       : HikariPool-1 - Starting...
2025-04-21T02:56:46.452+04:00  INFO 306888 --- [chat-app] [           main] com.zaxxer.hikari.pool.HikariPool        : HikariPool-1 - Added connection org.postgresql.jdbc.PgConnection@5f5c187d
2025-04-21T02:56:46.454+04:00  INFO 306888 --- [chat-app] [           main] com.zaxxer.hikari.HikariDataSource       : HikariPool-1 - Start completed.
2025-04-21T02:56:46.498+04:00  INFO 306888 --- [chat-app] [           main] org.hibernate.orm.connections.pooling    : HHH10001005: Database info:
	Database JDBC URL [Connecting through datasource 'HikariDataSource (HikariPool-1)']
	Database driver: undefined/unknown
	Database version: 15.12
	Autocommit mode: undefined/unknown
	Isolation level: undefined/unknown
	Minimum pool size: undefined/unknown
	Maximum pool size: undefined/unknown
2025-04-21T02:56:46.502+04:00 DEBUG 306888 --- [chat-app] [           main] o.h.t.d.sql.spi.DdlTypeRegistry          : addDescriptor(2003, org.hibernate.type.descriptor.sql.internal.ArrayDdlTypeImpl@645ba24a) replaced previous registration(org.hibernate.type.descriptor.sql.internal.ArrayDdlTypeImpl@5f6a8efe)
2025-04-21T02:56:46.502+04:00 DEBUG 306888 --- [chat-app] [           main] o.h.t.d.sql.spi.DdlTypeRegistry          : addDescriptor(6, org.hibernate.type.descriptor.sql.internal.CapacityDependentDdlType@3dd2b9c1) replaced previous registration(org.hibernate.type.descriptor.sql.internal.DdlTypeImpl@6a1d1467)
2025-04-21T02:56:46.504+04:00 DEBUG 306888 --- [chat-app] [           main] o.h.t.d.jdbc.spi.JdbcTypeRegistry        : addDescriptor(2004, BlobTypeDescriptor(BLOB_BINDING)) replaced previous registration(BlobTypeDescriptor(DEFAULT))
2025-04-21T02:56:46.504+04:00 DEBUG 306888 --- [chat-app] [           main] o.h.t.d.jdbc.spi.JdbcTypeRegistry        : addDescriptor(2005, ClobTypeDescriptor(CLOB_BINDING)) replaced previous registration(ClobTypeDescriptor(DEFAULT))
2025-04-21T02:56:46.508+04:00 DEBUG 306888 --- [chat-app] [           main] org.hibernate.type.BasicTypeRegistry     : Adding type registration JAVA_OBJECT -> org.hibernate.type.JavaObjectType@350f18a6
2025-04-21T02:56:46.509+04:00 DEBUG 306888 --- [chat-app] [           main] org.hibernate.type.BasicTypeRegistry     : Adding type registration java.lang.Object -> org.hibernate.type.JavaObjectType@350f18a6
2025-04-21T02:56:46.509+04:00 DEBUG 306888 --- [chat-app] [           main] org.hibernate.type.BasicTypeRegistry     : Type registration key [java.lang.Object] overrode previous entry : `org.hibernate.type.JavaObjectType@6f731759`
2025-04-21T02:56:46.511+04:00 DEBUG 306888 --- [chat-app] [           main] org.hibernate.type.BasicTypeRegistry     : Adding type registration org.hibernate.type.DurationType -> basicType@1(java.time.Duration,3015)
2025-04-21T02:56:46.511+04:00 DEBUG 306888 --- [chat-app] [           main] org.hibernate.type.BasicTypeRegistry     : Adding type registration Duration -> basicType@1(java.time.Duration,3015)
2025-04-21T02:56:46.511+04:00 DEBUG 306888 --- [chat-app] [           main] org.hibernate.type.BasicTypeRegistry     : Adding type registration java.time.Duration -> basicType@1(java.time.Duration,3015)
2025-04-21T02:56:46.513+04:00 DEBUG 306888 --- [chat-app] [           main] org.hibernate.type.BasicTypeRegistry     : Adding type registration org.hibernate.type.OffsetDateTimeType -> basicType@2(java.time.OffsetDateTime,3003)
2025-04-21T02:56:46.513+04:00 DEBUG 306888 --- [chat-app] [           main] org.hibernate.type.BasicTypeRegistry     : Adding type registration OffsetDateTime -> basicType@2(java.time.OffsetDateTime,3003)
2025-04-21T02:56:46.513+04:00 DEBUG 306888 --- [chat-app] [           main] org.hibernate.type.BasicTypeRegistry     : Adding type registration java.time.OffsetDateTime -> basicType@2(java.time.OffsetDateTime,3003)
2025-04-21T02:56:46.513+04:00 DEBUG 306888 --- [chat-app] [           main] org.hibernate.type.BasicTypeRegistry     : Adding type registration org.hibernate.type.ZonedDateTimeType -> basicType@3(java.time.ZonedDateTime,3003)
2025-04-21T02:56:46.513+04:00 DEBUG 306888 --- [chat-app] [           main] org.hibernate.type.BasicTypeRegistry     : Adding type registration ZonedDateTime -> basicType@3(java.time.ZonedDateTime,3003)
2025-04-21T02:56:46.513+04:00 DEBUG 306888 --- [chat-app] [           main] org.hibernate.type.BasicTypeRegistry     : Adding type registration java.time.ZonedDateTime -> basicType@3(java.time.ZonedDateTime,3003)
2025-04-21T02:56:46.514+04:00 DEBUG 306888 --- [chat-app] [           main] org.hibernate.type.BasicTypeRegistry     : Adding type registration org.hibernate.type.OffsetTimeType -> basicType@4(java.time.OffsetTime,3007)
2025-04-21T02:56:46.514+04:00 DEBUG 306888 --- [chat-app] [           main] org.hibernate.type.BasicTypeRegistry     : Adding type registration OffsetTime -> basicType@4(java.time.OffsetTime,3007)
2025-04-21T02:56:46.514+04:00 DEBUG 306888 --- [chat-app] [           main] org.hibernate.type.BasicTypeRegistry     : Adding type registration java.time.OffsetTime -> basicType@4(java.time.OffsetTime,3007)
2025-04-21T02:56:46.515+04:00 DEBUG 306888 --- [chat-app] [           main] o.h.type.spi.TypeConfiguration$Scope     : Scoping TypeConfiguration [org.hibernate.type.spi.TypeConfiguration@4315fe1b] to MetadataBuildingContext [org.hibernate.boot.internal.MetadataBuildingContextRootImpl@34e990cc]
2025-04-21T02:56:47.056+04:00  INFO 306888 --- [chat-app] [           main] o.h.e.t.j.p.i.JtaPlatformInitiator       : HHH000489: No JTA platform available (set 'hibernate.transaction.jta.platform' to enable JTA platform integration)
2025-04-21T02:56:47.057+04:00 DEBUG 306888 --- [chat-app] [           main] o.h.type.spi.TypeConfiguration$Scope     : Scoping TypeConfiguration [org.hibernate.type.spi.TypeConfiguration@4315fe1b] to SessionFactoryImplementor [org.hibernate.internal.SessionFactoryImpl@15c3585]
2025-04-21T02:56:47.058+04:00 TRACE 306888 --- [chat-app] [           main] o.h.type.spi.TypeConfiguration$Scope     : Handling #sessionFactoryCreated from [org.hibernate.internal.SessionFactoryImpl@15c3585] for TypeConfiguration
2025-04-21T02:56:47.058+04:00  INFO 306888 --- [chat-app] [           main] j.LocalContainerEntityManagerFactoryBean : Initialized JPA EntityManagerFactory for persistence unit 'default'
2025-04-21T02:56:47.410+04:00  WARN 306888 --- [chat-app] [           main] JpaBaseConfiguration$JpaWebConfiguration : spring.jpa.open-in-view is enabled by default. Therefore, database queries may be performed during view rendering. Explicitly configure spring.jpa.open-in-view to disable this warning
2025-04-21T02:56:47.677+04:00  INFO 306888 --- [chat-app] [           main] o.s.m.s.b.SimpleBrokerMessageHandler     : Starting...
2025-04-21T02:56:47.678+04:00  INFO 306888 --- [chat-app] [           main] o.s.m.s.b.SimpleBrokerMessageHandler     : BrokerAvailabilityEvent[available=true, SimpleBrokerMessageHandler [org.springframework.messaging.simp.broker.DefaultSubscriptionRegistry@674c01ce]]
2025-04-21T02:56:47.678+04:00  INFO 306888 --- [chat-app] [           main] o.s.m.s.b.SimpleBrokerMessageHandler     : Started.
2025-04-21T02:56:47.684+04:00  INFO 306888 --- [chat-app] [           main] c.e.chat_app.ChatAppApplicationTests     : Started ChatAppApplicationTests in 2.476 seconds (process running for 3.066)
]]></system-out>
  </testcase>
</testsuite>